  건너뛰고 있습니다... (관련된 변경 내용 없음)
  VIBuffer.cpp
  TriCol.cpp
  SoundMgr.cpp
  Scene.cpp
  Renderer.cpp
  RcCol.cpp
  ProtoMgr.cpp
  LightMgr.cpp
  Light.cpp
  Component.cpp
  Utility.vcxproj -> C:\Users\beoms\OneDrive\문서\GitHub\SR_TEAM\Engine\Utility\Default\../Bin\Utility.dll
  Utility.vcxproj -> ../Bin\Utility.pdb (Full PDB)
  다른 프로세스가 파일을 사용 중이기 때문에 프로세스가 액세스 할 수 없습니다.
          0개 파일이 복사되었습니다.
          1개 파일이 복사되었습니다.
  .\Engine\Header\Calculator.h
  .\Engine\Header\Camera.h
  .\Engine\Header\Collision.h
  .\Engine\Header\Component.h
  .\Engine\Header\CubeTex.h
  .\Engine\Header\Engine_Enum.h
  .\Engine\Header\Engine_Include.h
  .\Engine\Header\Engine_Macro.h
  .\Engine\Header\Engine_Struct.h
  .\Engine\Header\Engine_Template.h
  .\Engine\Header\Engine_Typedef.h
  .\Engine\Header\Export_Function.h
  .\Engine\Header\Export_System.h
  .\Engine\Header\Export_System.inl
  .\Engine\Header\Export_Utility.h
  .\Engine\Header\Export_Utility.inl
  .\Engine\Header\fmod.h
  .\Engine\Header\fmod.hpp
  .\Engine\Header\fmod_codec.h
  .\Engine\Header\fmod_dsp.h
  .\Engine\Header\fmod_errors.h
  .\Engine\Header\fmod_memoryinfo.h
  .\Engine\Header\fmod_output.h
  .\Engine\Header\FontMgr.h
  .\Engine\Header\Frame.h
  .\Engine\Header\FrameMgr.h
  .\Engine\Header\GameObject.h
  .\Engine\Header\GraphicDev.h
  .\Engine\Header\Hitbox.h
  .\Engine\Header\InputDev.h
  .\Engine\Header\InputMgr.h
  .\Engine\Header\Interface.h
  .\Engine\Header\Layer.h
  .\Engine\Header\Light.h
  .\Engine\Header\LightMgr.h
  .\Engine\Header\Management.h
  .\Engine\Header\MyFont.h
  .\Engine\Header\ProtoMgr.h
  .\Engine\Header\RcCol.h
  .\Engine\Header\RcRD.h
  .\Engine\Header\RcTex.h
  .\Engine\Header\Renderer.h
  .\Engine\Header\Scene.h
  .\Engine\Header\SoundMgr.h
  .\Engine\Header\SphereTex.h
  .\Engine\Header\TerrainTex.h
  .\Engine\Header\Texture.h
  .\Engine\Header\Timer.h
  .\Engine\Header\TimerMgr.h
  .\Engine\Header\Transform.h
  .\Engine\Header\TriCol.h
  .\Engine\Header\VIBuffer.h
         52개 파일이 복사되었습니다.
