d:\github\sr_team\engine\utility\default\debug\vc140.pdb
d:\github\sr_team\engine\utility\default\debug\vc140.idb
d:\github\sr_team\engine\utility\default\debug\component.obj
d:\github\sr_team\engine\utility\default\debug\cubetex.obj
d:\github\sr_team\engine\utility\default\debug\gameobject.obj
d:\github\sr_team\engine\utility\default\debug\hitbox.obj
d:\github\sr_team\engine\utility\default\debug\layer.obj
d:\github\sr_team\engine\utility\default\debug\light.obj
d:\github\sr_team\engine\utility\default\debug\lightmgr.obj
d:\github\sr_team\engine\utility\default\debug\management.obj
d:\github\sr_team\engine\utility\default\debug\protomgr.obj
d:\github\sr_team\engine\utility\default\debug\rccol.obj
d:\github\sr_team\engine\utility\default\debug\rctex.obj
d:\github\sr_team\engine\utility\default\debug\renderer.obj
d:\github\sr_team\engine\utility\default\debug\scene.obj
d:\github\sr_team\engine\utility\default\debug\soundmgr.obj
d:\github\sr_team\engine\utility\default\debug\spheretex.obj
d:\github\sr_team\engine\utility\default\debug\terraintex.obj
d:\github\sr_team\engine\utility\default\debug\texture.obj
d:\github\sr_team\engine\utility\default\debug\transform.obj
d:\github\sr_team\engine\utility\default\debug\tricol.obj
d:\github\sr_team\engine\utility\default\debug\vibuffer.obj
d:\github\sr_team\engine\utility\default\debug\utility.tlog\cl.command.1.tlog
d:\github\sr_team\engine\utility\default\debug\utility.tlog\cl.read.1.tlog
d:\github\sr_team\engine\utility\default\debug\utility.tlog\cl.write.1.tlog
