  Collision.cpp
  CubeCol.cpp
  DynamicBuffer.cpp
  FlexibleAxisCube.cpp
  FrustumCullMgr.cpp
  Interface.cpp
  PSystem.cpp
  Quarternion.cpp
  RcRD.cpp
  Calculator.cpp
  Camera.cpp
  Component.cpp
  CubeTex.cpp
  GameObject.cpp
  Hitbox.cpp
  Layer.cpp
  Light.cpp
  LightMgr.cpp
  Management.cpp
  ProtoMgr.cpp
  컴파일하고 있습니다...
  RcCol.cpp
  RcTex.cpp
  Renderer.cpp
  Scene.cpp
  Shader.cpp
  SoundMgr.cpp
  SphereTex.cpp
  TerrainTex.cpp
  Texture.cpp
  Transform.cpp
  TriCol.cpp
  VIBuffer.cpp
     ../Bin\Utility.lib 라이브러리 및 ../Bin\Utility.exp 개체를 생성하고 있습니다.
  코드를 생성하고 있습니다.
  156 of 2477 functions ( 6.3%) were compiled, the rest were copied from previous compilation.
    1 functions were new in current compilation
    42 functions had inline decision re-evaluated but remain unchanged
  코드를 생성했습니다.
  Utility.vcxproj -> C:\Users\DecoyZ\Desktop\SR_TEAM\Engine\Utility\Default\../Bin\Utility.dll
  Utility.vcxproj -> ../Bin\Utility.pdb (Full PDB)
          1개 파일이 복사되었습니다.
          1개 파일이 복사되었습니다.
  .\Engine\Header\Calculator.h
  .\Engine\Header\Camera.h
  .\Engine\Header\Collision.h
  .\Engine\Header\Component.h
  .\Engine\Header\CubeCol.h
  .\Engine\Header\CubeTex.h
  .\Engine\Header\DynamicBuffer.h
  .\Engine\Header\Engine_Enum.h
  .\Engine\Header\Engine_Include.h
  .\Engine\Header\Engine_Macro.h
  .\Engine\Header\Engine_Struct.h
  .\Engine\Header\Engine_Template.h
  .\Engine\Header\Engine_Typedef.h
  .\Engine\Header\Export_Function.h
  .\Engine\Header\Export_System.h
  .\Engine\Header\Export_System.inl
  .\Engine\Header\Export_Utility.h
  .\Engine\Header\Export_Utility.inl
  .\Engine\Header\FlexibleAxisCube.h
  .\Engine\Header\fmod.h
  .\Engine\Header\fmod.hpp
  .\Engine\Header\fmod_codec.h
  .\Engine\Header\fmod_dsp.h
  .\Engine\Header\fmod_errors.h
  .\Engine\Header\fmod_memoryinfo.h
  .\Engine\Header\fmod_output.h
  .\Engine\Header\FontMgr.h
  .\Engine\Header\Frame.h
  .\Engine\Header\FrameMgr.h
  .\Engine\Header\FrustumCullMgr.h
  .\Engine\Header\GameObject.h
  .\Engine\Header\GraphicDev.h
  .\Engine\Header\Hitbox.h
  .\Engine\Header\InputDev.h
  .\Engine\Header\InputMgr.h
  .\Engine\Header\Interface.h
  .\Engine\Header\Layer.h
  .\Engine\Header\Light.h
  .\Engine\Header\LightMgr.h
  .\Engine\Header\Management.h
  .\Engine\Header\MyFont.h
  .\Engine\Header\ProtoMgr.h
  .\Engine\Header\PSystem.h
  .\Engine\Header\Quarternion.h
  .\Engine\Header\RcCol.h
  .\Engine\Header\RcRD.h
  .\Engine\Header\RcTex.h
  .\Engine\Header\Renderer.h
  .\Engine\Header\Scene.h
  .\Engine\Header\Shader.h
  .\Engine\Header\SoundMgr.h
  .\Engine\Header\SphereTex.h
  .\Engine\Header\stb_connected_components.h
  .\Engine\Header\stb_c_lexer.h
  .\Engine\Header\stb_divide.h
  .\Engine\Header\stb_ds.h
  .\Engine\Header\stb_dxt.h
  .\Engine\Header\stb_easy_font.h
  .\Engine\Header\stb_herringbone_wang_tile.h
  .\Engine\Header\stb_hexwave.h
  .\Engine\Header\stb_image.h
  .\Engine\Header\stb_image_resize.h
  .\Engine\Header\stb_image_write.h
  .\Engine\Header\stb_include.h
  .\Engine\Header\stb_leakcheck.h
  .\Engine\Header\stb_perlin.h
  .\Engine\Header\stb_rect_pack.h
  .\Engine\Header\stb_sprintf.h
  .\Engine\Header\stb_textedit.h
  .\Engine\Header\stb_tilemap_editor.h
  .\Engine\Header\stb_truetype.h
  .\Engine\Header\stb_voxel_render.h
  .\Engine\Header\TerrainTex.h
  .\Engine\Header\Texture.h
  .\Engine\Header\Timer.h
  .\Engine\Header\TimerMgr.h
  .\Engine\Header\Transform.h
  .\Engine\Header\TriCol.h
  .\Engine\Header\VIBuffer.h
         79개 파일이 복사되었습니다.
