c:\users\sam51\desktop\sr_team\engine\utility\default\release\vc140.pdb
c:\users\sam51\desktop\sr_team\engine\utility\default\release\protomgr.obj
c:\users\sam51\desktop\sr_team\engine\utility\default\release\management.obj
c:\users\sam51\desktop\sr_team\engine\utility\default\release\lightmgr.obj
c:\users\sam51\desktop\sr_team\engine\utility\default\release\light.obj
c:\users\sam51\desktop\sr_team\engine\utility\default\release\layer.obj
c:\users\sam51\desktop\sr_team\engine\utility\default\release\hitbox.obj
c:\users\sam51\desktop\sr_team\engine\utility\default\release\gameobject.obj
c:\users\sam51\desktop\sr_team\engine\utility\default\release\cubetex.obj
c:\users\sam51\desktop\sr_team\engine\utility\default\release\component.obj
c:\users\sam51\desktop\sr_team\engine\utility\default\release\camera.obj
c:\users\sam51\desktop\sr_team\engine\utility\default\release\calculator.obj
c:\users\sam51\desktop\sr_team\engine\utility\default\release\rcrd.obj
c:\users\sam51\desktop\sr_team\engine\utility\default\release\quarternion.obj
c:\users\sam51\desktop\sr_team\engine\utility\default\release\psystem.obj
c:\users\sam51\desktop\sr_team\engine\utility\default\release\interface.obj
c:\users\sam51\desktop\sr_team\engine\utility\default\release\frustumcullmgr.obj
c:\users\sam51\desktop\sr_team\engine\utility\default\release\flexibleaxiscube.obj
c:\users\sam51\desktop\sr_team\engine\utility\default\release\dynamicbuffer.obj
c:\users\sam51\desktop\sr_team\engine\utility\default\release\cubecol.obj
c:\users\sam51\desktop\sr_team\engine\utility\default\release\collision.obj
c:\users\sam51\desktop\sr_team\engine\utility\default\release\vibuffer.obj
c:\users\sam51\desktop\sr_team\engine\utility\default\release\tricol.obj
c:\users\sam51\desktop\sr_team\engine\utility\default\release\transform.obj
c:\users\sam51\desktop\sr_team\engine\utility\default\release\texture.obj
c:\users\sam51\desktop\sr_team\engine\utility\default\release\terraintex.obj
c:\users\sam51\desktop\sr_team\engine\utility\default\release\spheretex.obj
c:\users\sam51\desktop\sr_team\engine\utility\default\release\soundmgr.obj
c:\users\sam51\desktop\sr_team\engine\utility\default\release\shader.obj
c:\users\sam51\desktop\sr_team\engine\utility\default\release\scene.obj
c:\users\sam51\desktop\sr_team\engine\utility\default\release\renderer.obj
c:\users\sam51\desktop\sr_team\engine\utility\default\release\rctex.obj
c:\users\sam51\desktop\sr_team\engine\utility\default\release\rccol.obj
c:\users\sam51\desktop\sr_team\engine\utility\bin\utility.dll
c:\users\sam51\desktop\sr_team\engine\utility\bin\utility.pdb
c:\users\sam51\desktop\sr_team\engine\utility\bin\utility.lib
c:\users\sam51\desktop\sr_team\engine\utility\bin\utility.exp
c:\users\sam51\desktop\sr_team\engine\utility\default\release\utility.tlog\cl.command.1.tlog
c:\users\sam51\desktop\sr_team\engine\utility\default\release\utility.tlog\cl.read.1.tlog
c:\users\sam51\desktop\sr_team\engine\utility\default\release\utility.tlog\cl.write.1.tlog
c:\users\sam51\desktop\sr_team\engine\utility\default\release\utility.tlog\link.command.1.tlog
c:\users\sam51\desktop\sr_team\engine\utility\default\release\utility.tlog\link.read.1.tlog
c:\users\sam51\desktop\sr_team\engine\utility\default\release\utility.tlog\link.write.1.tlog
c:\users\sam51\desktop\sr_team\engine\utility\default\release\utility.tlog\utility.write.1u.tlog
