  Zombie.cpp
c:\users\beoms\onedrive\문서\github\sr_team\client\code\zombie.cpp(29): warning C4553: '==': 의미 없는 연산자입니다. '='을(를) 사용하려고 했습니까?
c:\users\beoms\onedrive\문서\github\sr_team\client\code\zombie.cpp(218): error C2065: 'pLayer': 선언되지 않은 식별자입니다.
c:\users\beoms\onedrive\문서\github\sr_team\client\code\zombie.cpp(218): error C2227: '->Get_GamePairPtr' 왼쪽은 클래스/구조체/공용 구조체/제네릭 형식을 가리켜야 합니다.
  c:\users\beoms\onedrive\문서\github\sr_team\client\code\zombie.cpp(218): note: 'unknown-type' 형식입니다.
c:\users\beoms\onedrive\문서\github\sr_team\client\code\zombie.cpp(266): error C2065: 'm_pRotationTrans': 선언되지 않은 식별자입니다.
c:\users\beoms\onedrive\문서\github\sr_team\client\code\zombie.cpp(266): error C2227: '->Get_Info' 왼쪽은 클래스/구조체/공용 구조체/제네릭 형식을 가리켜야 합니다.
  c:\users\beoms\onedrive\문서\github\sr_team\client\code\zombie.cpp(266): note: 'unknown-type' 형식입니다.
c:\users\beoms\onedrive\문서\github\sr_team\client\code\zombie.cpp(276): error C2601: 'CZombie::Walk_Animation_Run': 지역 함수 정의가 잘못되었습니다.
  c:\users\beoms\onedrive\문서\github\sr_team\client\code\zombie.cpp(211): note: 이 줄에 짝이 되지 않는 '{'가 들어 있습니다.
c:\users\beoms\onedrive\문서\github\sr_team\client\code\zombie.cpp(335): error C2601: 'CZombie::Add_Component': 지역 함수 정의가 잘못되었습니다.
  c:\users\beoms\onedrive\문서\github\sr_team\client\code\zombie.cpp(211): note: 이 줄에 짝이 되지 않는 '{'가 들어 있습니다.
c:\users\beoms\onedrive\문서\github\sr_team\client\code\zombie.cpp(394): error C2601: 'CZombie::Create_Item': 지역 함수 정의가 잘못되었습니다.
  c:\users\beoms\onedrive\문서\github\sr_team\client\code\zombie.cpp(211): note: 이 줄에 짝이 되지 않는 '{'가 들어 있습니다.
c:\users\beoms\onedrive\문서\github\sr_team\client\code\zombie.cpp(427): error C2601: 'CZombie::Build': 지역 함수 정의가 잘못되었습니다.
  c:\users\beoms\onedrive\문서\github\sr_team\client\code\zombie.cpp(211): note: 이 줄에 짝이 되지 않는 '{'가 들어 있습니다.
c:\users\beoms\onedrive\문서\github\sr_team\client\code\zombie.cpp(565): error C2601: 'CZombie::Create': 지역 함수 정의가 잘못되었습니다.
  c:\users\beoms\onedrive\문서\github\sr_team\client\code\zombie.cpp(211): note: 이 줄에 짝이 되지 않는 '{'가 들어 있습니다.
c:\users\beoms\onedrive\문서\github\sr_team\client\code\zombie.cpp(578): error C2601: 'CZombie::Free': 지역 함수 정의가 잘못되었습니다.
  c:\users\beoms\onedrive\문서\github\sr_team\client\code\zombie.cpp(211): note: 이 줄에 짝이 되지 않는 '{'가 들어 있습니다.
c:\users\beoms\onedrive\문서\github\sr_team\client\code\zombie.cpp(211): fatal error C1075: 파일 끝에서 왼쪽 중괄호 '{'이(가) 일치하지 않습니다.
