c:\users\decoyz\desktop\sr_team\client\default\debug\client.pch
c:\users\decoyz\desktop\sr_team\client\default\debug\vc140.pdb
c:\users\decoyz\desktop\sr_team\client\default\debug\vc140.idb
c:\users\decoyz\desktop\sr_team\client\default\debug\stdafx.obj
c:\users\decoyz\desktop\sr_team\client\default\debug\background.obj
c:\users\decoyz\desktop\sr_team\client\default\debug\dynamiccamera.obj
c:\users\decoyz\desktop\sr_team\client\default\debug\loading.obj
c:\users\decoyz\desktop\sr_team\client\default\debug\logo.obj
c:\users\decoyz\desktop\sr_team\client\default\debug\mainapp.obj
c:\users\decoyz\desktop\sr_team\client\default\debug\skybox.obj
c:\users\decoyz\desktop\sr_team\client\default\debug\stage.obj
c:\users\decoyz\desktop\sr_team\client\default\debug\staticcamera.obj
c:\users\decoyz\desktop\sr_team\client\default\debug\terrain.obj
c:\users\decoyz\desktop\sr_team\client\default\debug\testmonster.obj
c:\users\decoyz\desktop\sr_team\client\default\debug\testplayer.obj
c:\users\decoyz\desktop\sr_team\client\default\debug\client.obj
c:\users\decoyz\desktop\sr_team\client\default\debug\imgui.obj
c:\users\decoyz\desktop\sr_team\client\default\debug\imgui_demo.obj
c:\users\decoyz\desktop\sr_team\client\default\debug\imgui_draw.obj
c:\users\decoyz\desktop\sr_team\client\default\debug\imgui_impl_dx9.obj
c:\users\decoyz\desktop\sr_team\client\default\debug\imgui_impl_win32.obj
c:\users\decoyz\desktop\sr_team\client\default\debug\imgui_tables.obj
c:\users\decoyz\desktop\sr_team\client\default\debug\imgui_widgets.obj
c:\users\decoyz\desktop\sr_team\client\bin\client.lib
c:\users\decoyz\desktop\sr_team\client\bin\client.exp
c:\users\decoyz\desktop\sr_team\client\bin\client.ilk
c:\users\decoyz\desktop\sr_team\client\bin\client.exe
c:\users\decoyz\desktop\sr_team\client\bin\client.pdb
c:\users\decoyz\desktop\sr_team\client\default\debug\client.res
c:\users\decoyz\desktop\sr_team\client\default\../bin\client.exe
c:\users\decoyz\desktop\sr_team\client\default\debug\client.tlog\cl.command.1.tlog
c:\users\decoyz\desktop\sr_team\client\default\debug\client.tlog\cl.read.1.tlog
c:\users\decoyz\desktop\sr_team\client\default\debug\client.tlog\cl.write.1.tlog
c:\users\decoyz\desktop\sr_team\client\default\debug\client.tlog\client.write.1u.tlog
c:\users\decoyz\desktop\sr_team\client\default\debug\client.tlog\link.command.1.tlog
c:\users\decoyz\desktop\sr_team\client\default\debug\client.tlog\link.read.1.tlog
c:\users\decoyz\desktop\sr_team\client\default\debug\client.tlog\link.write.1.tlog
c:\users\decoyz\desktop\sr_team\client\default\debug\client.tlog\rc.command.1.tlog
c:\users\decoyz\desktop\sr_team\client\default\debug\client.tlog\rc.read.1.tlog
c:\users\decoyz\desktop\sr_team\client\default\debug\client.tlog\rc.write.1.tlog
