c:\users\beoms\onedrive\문서\github\sr_team\client\default\release\client.pch
c:\users\beoms\onedrive\문서\github\sr_team\client\default\release\vc140.pdb
c:\users\beoms\onedrive\문서\github\sr_team\client\default\release\stdafx.obj
c:\users\beoms\onedrive\문서\github\sr_team\client\default\release\cubeshop.obj
c:\users\beoms\onedrive\문서\github\sr_team\client\default\release\cubeplayer.obj
c:\users\beoms\onedrive\문서\github\sr_team\client\default\release\cubeleg.obj
c:\users\beoms\onedrive\문서\github\sr_team\client\default\release\cubehead.obj
c:\users\beoms\onedrive\문서\github\sr_team\client\default\release\cubehand.obj
c:\users\beoms\onedrive\문서\github\sr_team\client\default\release\cubefoot.obj
c:\users\beoms\onedrive\문서\github\sr_team\client\default\release\cubebody.obj
c:\users\beoms\onedrive\문서\github\sr_team\client\default\release\cubearm.obj
c:\users\beoms\onedrive\문서\github\sr_team\client\default\release\crossheader.obj
c:\users\beoms\onedrive\문서\github\sr_team\client\default\release\comboui.obj
c:\users\beoms\onedrive\문서\github\sr_team\client\default\release\cloudeffect.obj
c:\users\beoms\onedrive\문서\github\sr_team\client\default\release\bulletui.obj
c:\users\beoms\onedrive\문서\github\sr_team\client\default\release\bulletparicle.obj
c:\users\beoms\onedrive\문서\github\sr_team\client\default\release\bullet.obj
c:\users\beoms\onedrive\문서\github\sr_team\client\default\release\bubbleeffect.obj
c:\users\beoms\onedrive\문서\github\sr_team\client\default\release\browncloudeffect.obj
c:\users\beoms\onedrive\문서\github\sr_team\client\default\release\battlecursier.obj
c:\users\beoms\onedrive\문서\github\sr_team\client\default\release\basemapping.obj
c:\users\beoms\onedrive\문서\github\sr_team\client\default\release\animationplayer.obj
c:\users\beoms\onedrive\문서\github\sr_team\client\default\release\alien.obj
c:\users\beoms\onedrive\문서\github\sr_team\client\default\release\getuzi.obj
c:\users\beoms\onedrive\문서\github\sr_team\client\default\release\getsniper.obj
c:\users\beoms\onedrive\문서\github\sr_team\client\default\release\getshotgun.obj
c:\users\beoms\onedrive\문서\github\sr_team\client\default\release\fireman.obj
c:\users\beoms\onedrive\문서\github\sr_team\client\default\release\exitbutton.obj
c:\users\beoms\onedrive\문서\github\sr_team\client\default\release\sparkeffect.obj
c:\users\beoms\onedrive\문서\github\sr_team\client\default\release\soundwave.obj
c:\users\beoms\onedrive\문서\github\sr_team\client\default\release\rceffect.obj
c:\users\beoms\onedrive\문서\github\sr_team\client\default\release\ping.obj
c:\users\beoms\onedrive\문서\github\sr_team\client\default\release\objectcube.obj
c:\users\beoms\onedrive\문서\github\sr_team\client\default\release\middleboss.obj
c:\users\beoms\onedrive\문서\github\sr_team\client\default\release\key.obj
c:\users\beoms\onedrive\문서\github\sr_team\client\default\release\iceeffect.obj
c:\users\beoms\onedrive\문서\github\sr_team\client\default\release\flightspot.obj
c:\users\beoms\onedrive\문서\github\sr_team\client\default\release\flightcamera.obj
c:\users\beoms\onedrive\문서\github\sr_team\client\default\release\flightbulletparticle.obj
c:\users\beoms\onedrive\문서\github\sr_team\client\default\release\flightbomb.obj
c:\users\beoms\onedrive\문서\github\sr_team\client\default\release\flight.obj
c:\users\beoms\onedrive\문서\github\sr_team\client\default\release\flameeffect.obj
c:\users\beoms\onedrive\문서\github\sr_team\client\default\release\dynamiccamera.obj
c:\users\beoms\onedrive\문서\github\sr_team\client\default\release\meteor.obj
c:\users\beoms\onedrive\문서\github\sr_team\client\default\release\maxplushp.obj
c:\users\beoms\onedrive\문서\github\sr_team\client\default\release\mainapp.obj
c:\users\beoms\onedrive\문서\github\sr_team\client\default\release\magma.obj
c:\users\beoms\onedrive\문서\github\sr_team\client\default\release\logoui.obj
c:\users\beoms\onedrive\문서\github\sr_team\client\default\release\logocamera.obj
c:\users\beoms\onedrive\문서\github\sr_team\client\default\release\logobilboard.obj
c:\users\beoms\onedrive\문서\github\sr_team\client\default\release\logo.obj
c:\users\beoms\onedrive\문서\github\sr_team\client\default\release\loading.obj
c:\users\beoms\onedrive\문서\github\sr_team\client\default\release\letterbox.obj
c:\users\beoms\onedrive\문서\github\sr_team\client\default\release\itemparticle.obj
c:\users\beoms\onedrive\문서\github\sr_team\client\default\release\itemicon.obj
c:\users\beoms\onedrive\문서\github\sr_team\client\default\release\itembox.obj
c:\users\beoms\onedrive\문서\github\sr_team\client\default\release\item.obj
c:\users\beoms\onedrive\문서\github\sr_team\client\default\release\inventory.obj
c:\users\beoms\onedrive\문서\github\sr_team\client\default\release\imguimgr.obj
c:\users\beoms\onedrive\문서\github\sr_team\client\default\release\illusioner.obj
c:\users\beoms\onedrive\문서\github\sr_team\client\default\release\hitbarui.obj
c:\users\beoms\onedrive\문서\github\sr_team\client\default\release\healthpotion.obj
c:\users\beoms\onedrive\문서\github\sr_team\client\default\release\gunui.obj
c:\users\beoms\onedrive\문서\github\sr_team\client\default\release\skeleton.obj
c:\users\beoms\onedrive\문서\github\sr_team\client\default\release\shotgunpart4.obj
c:\users\beoms\onedrive\문서\github\sr_team\client\default\release\shotgunpart3.obj
c:\users\beoms\onedrive\문서\github\sr_team\client\default\release\shotgunpart2.obj
c:\users\beoms\onedrive\문서\github\sr_team\client\default\release\shotgunpart1.obj
c:\users\beoms\onedrive\문서\github\sr_team\client\default\release\shotgun.obj
c:\users\beoms\onedrive\문서\github\sr_team\client\default\release\shop.obj
c:\users\beoms\onedrive\문서\github\sr_team\client\default\release\projectileparticle.obj
c:\users\beoms\onedrive\문서\github\sr_team\client\default\release\poolmgr.obj
c:\users\beoms\onedrive\문서\github\sr_team\client\default\release\playerui.obj
c:\users\beoms\onedrive\문서\github\sr_team\client\default\release\playermapping.obj
c:\users\beoms\onedrive\문서\github\sr_team\client\default\release\playerhpui.obj
c:\users\beoms\onedrive\문서\github\sr_team\client\default\release\playbutton.obj
c:\users\beoms\onedrive\문서\github\sr_team\client\default\release\optionbutton.obj
c:\users\beoms\onedrive\문서\github\sr_team\client\default\release\obtaindefense.obj
c:\users\beoms\onedrive\문서\github\sr_team\client\default\release\obtainbullet.obj
c:\users\beoms\onedrive\문서\github\sr_team\client\default\release\monsterui.obj
c:\users\beoms\onedrive\문서\github\sr_team\client\default\release\monsterparticle.obj
c:\users\beoms\onedrive\문서\github\sr_team\client\default\release\monstermapping.obj
c:\users\beoms\onedrive\문서\github\sr_team\client\default\release\monster.obj
c:\users\beoms\onedrive\문서\github\sr_team\client\default\release\toolscene.obj
c:\users\beoms\onedrive\문서\github\sr_team\client\default\release\thorn.obj
c:\users\beoms\onedrive\문서\github\sr_team\client\default\release\testcube.obj
c:\users\beoms\onedrive\문서\github\sr_team\client\default\release\terret.obj
c:\users\beoms\onedrive\문서\github\sr_team\client\default\release\terrain.obj
c:\users\beoms\onedrive\문서\github\sr_team\client\default\release\targetcube.obj
c:\users\beoms\onedrive\문서\github\sr_team\client\default\release\supporter_uzi.obj
c:\users\beoms\onedrive\문서\github\sr_team\client\default\release\supporter.obj
c:\users\beoms\onedrive\문서\github\sr_team\client\default\release\staticfield.obj
c:\users\beoms\onedrive\문서\github\sr_team\client\default\release\rainbowcloudeffect.obj
c:\users\beoms\onedrive\문서\github\sr_team\client\default\release\staticcamera.obj
c:\users\beoms\onedrive\문서\github\sr_team\client\default\release\stage.obj
c:\users\beoms\onedrive\문서\github\sr_team\client\default\release\spbullet.obj
c:\users\beoms\onedrive\문서\github\sr_team\client\default\release\sniperpart4.obj
c:\users\beoms\onedrive\문서\github\sr_team\client\default\release\sniperpart3.obj
c:\users\beoms\onedrive\문서\github\sr_team\client\default\release\sniperpart2.obj
c:\users\beoms\onedrive\문서\github\sr_team\client\default\release\sniperpart1.obj
c:\users\beoms\onedrive\문서\github\sr_team\client\default\release\sniper.obj
c:\users\beoms\onedrive\문서\github\sr_team\client\default\release\slime.obj
c:\users\beoms\onedrive\문서\github\sr_team\client\default\release\skybox.obj
c:\users\beoms\onedrive\문서\github\sr_team\client\default\release\krakenboss.obj
c:\users\beoms\onedrive\문서\github\sr_team\client\default\release\playerfaceui.obj
c:\users\beoms\onedrive\문서\github\sr_team\client\default\release\playerdefenseui.obj
c:\users\beoms\onedrive\문서\github\sr_team\client\default\release\client.obj
c:\users\beoms\onedrive\문서\github\sr_team\client\default\release\zombie.obj
c:\users\beoms\onedrive\문서\github\sr_team\client\default\release\shotparticle.obj
c:\users\beoms\onedrive\문서\github\sr_team\client\default\release\weaponui.obj
c:\users\beoms\onedrive\문서\github\sr_team\client\default\release\weapon.obj
c:\users\beoms\onedrive\문서\github\sr_team\client\default\release\wallmapping.obj
c:\users\beoms\onedrive\문서\github\sr_team\client\default\release\wall.obj
c:\users\beoms\onedrive\문서\github\sr_team\client\default\release\uzipart5.obj
c:\users\beoms\onedrive\문서\github\sr_team\client\default\release\uzipart4.obj
c:\users\beoms\onedrive\문서\github\sr_team\client\default\release\uzipart3.obj
c:\users\beoms\onedrive\문서\github\sr_team\client\default\release\uzipart2.obj
c:\users\beoms\onedrive\문서\github\sr_team\client\default\release\uzipart1.obj
c:\users\beoms\onedrive\문서\github\sr_team\client\default\release\uzi.obj
c:\users\beoms\onedrive\문서\github\sr_team\client\default\release\trap.obj
c:\users\beoms\onedrive\문서\github\sr_team\client\default\release\transaxisbox.obj
c:\users\beoms\onedrive\문서\github\sr_team\client\default\release\imsequencer.obj
c:\users\beoms\onedrive\문서\github\sr_team\client\default\release\imgui_widgets.obj
c:\users\beoms\onedrive\문서\github\sr_team\client\default\release\imgui_tables.obj
c:\users\beoms\onedrive\문서\github\sr_team\client\default\release\imgui_impl_win32.obj
c:\users\beoms\onedrive\문서\github\sr_team\client\default\release\imgui_impl_dx9.obj
c:\users\beoms\onedrive\문서\github\sr_team\client\default\release\imgui_draw.obj
c:\users\beoms\onedrive\문서\github\sr_team\client\default\release\imgui_demo.obj
c:\users\beoms\onedrive\문서\github\sr_team\client\default\release\imguizmo.obj
c:\users\beoms\onedrive\문서\github\sr_team\client\default\release\imguifiledialog.obj
c:\users\beoms\onedrive\문서\github\sr_team\client\default\release\imguifilebrowser.obj
c:\users\beoms\onedrive\문서\github\sr_team\client\default\release\imgui.obj
c:\users\beoms\onedrive\문서\github\sr_team\client\default\release\imgradient.obj
c:\users\beoms\onedrive\문서\github\sr_team\client\default\release\imcurveedit.obj
c:\users\beoms\onedrive\문서\github\sr_team\client\default\release\grapheditor.obj
c:\users\beoms\onedrive\문서\github\sr_team\client\bin\client.lib
c:\users\beoms\onedrive\문서\github\sr_team\client\bin\client.exp
c:\users\beoms\onedrive\문서\github\sr_team\client\bin\client.exe
c:\users\beoms\onedrive\문서\github\sr_team\client\bin\client.pdb
c:\users\beoms\onedrive\문서\github\sr_team\client\default\release\client.res
c:\users\beoms\onedrive\문서\github\sr_team\client\default\../bin\client.exe
c:\users\beoms\onedrive\문서\github\sr_team\client\default\release\client.tlog\cl.command.1.tlog
c:\users\beoms\onedrive\문서\github\sr_team\client\default\release\client.tlog\cl.read.1.tlog
c:\users\beoms\onedrive\문서\github\sr_team\client\default\release\client.tlog\cl.write.1.tlog
c:\users\beoms\onedrive\문서\github\sr_team\client\default\release\client.tlog\client.write.1u.tlog
c:\users\beoms\onedrive\문서\github\sr_team\client\default\release\client.tlog\link.command.1.tlog
c:\users\beoms\onedrive\문서\github\sr_team\client\default\release\client.tlog\link.read.1.tlog
c:\users\beoms\onedrive\문서\github\sr_team\client\default\release\client.tlog\link.write.1.tlog
c:\users\beoms\onedrive\문서\github\sr_team\client\default\release\client.tlog\rc.command.1.tlog
c:\users\beoms\onedrive\문서\github\sr_team\client\default\release\client.tlog\rc.read.1.tlog
c:\users\beoms\onedrive\문서\github\sr_team\client\default\release\client.tlog\rc.write.1.tlog
