     ../Bin\System.lib 라이브러리 및 ../Bin\System.exp 개체를 생성하고 있습니다.
TimerMgr.obj : warning LNK4099: 'vc140.pdb' PDB를 'TimerMgr.obj' 또는 'C:\Users\beoms\OneDrive\문서\GitHub\SR_TEAM\Engine\System\Bin\vc140.pdb'에서 찾을 수 없습니다. 디버그 정보가 없는 것처럼 개체를 링크합니다.
Timer.obj : warning LNK4099: 'vc140.pdb' PDB를 'Timer.obj' 또는 'C:\Users\beoms\OneDrive\문서\GitHub\SR_TEAM\Engine\System\Bin\vc140.pdb'에서 찾을 수 없습니다. 디버그 정보가 없는 것처럼 개체를 링크합니다.
InputMgr.obj : warning LNK4099: 'vc140.pdb' PDB를 'InputMgr.obj' 또는 'C:\Users\beoms\OneDrive\문서\GitHub\SR_TEAM\Engine\System\Bin\vc140.pdb'에서 찾을 수 없습니다. 디버그 정보가 없는 것처럼 개체를 링크합니다.
GraphicDev.obj : warning LNK4099: 'vc140.pdb' PDB를 'GraphicDev.obj' 또는 'C:\Users\beoms\OneDrive\문서\GitHub\SR_TEAM\Engine\System\Bin\vc140.pdb'에서 찾을 수 없습니다. 디버그 정보가 없는 것처럼 개체를 링크합니다.
FrameMgr.obj : warning LNK4099: 'vc140.pdb' PDB를 'FrameMgr.obj' 또는 'C:\Users\beoms\OneDrive\문서\GitHub\SR_TEAM\Engine\System\Bin\vc140.pdb'에서 찾을 수 없습니다. 디버그 정보가 없는 것처럼 개체를 링크합니다.
  System.vcxproj -> C:\Users\beoms\OneDrive\문서\GitHub\SR_TEAM\Engine\System\Default\../Bin\System.dll
  System.vcxproj -> ../Bin\System.pdb (Full PDB)
          1개 파일이 복사되었습니다.
          1개 파일이 복사되었습니다.
  .\Engine\Header\Calculator.h
  .\Engine\Header\Camera.h
  .\Engine\Header\Collision.h
  .\Engine\Header\Component.h
  .\Engine\Header\CubeTex.h
  .\Engine\Header\Engine_Enum.h
  .\Engine\Header\Engine_Include.h
  .\Engine\Header\Engine_Macro.h
  .\Engine\Header\Engine_Struct.h
  .\Engine\Header\Engine_Template.h
  .\Engine\Header\Engine_Typedef.h
  .\Engine\Header\Export_Function.h
  .\Engine\Header\Export_System.h
  .\Engine\Header\Export_System.inl
  .\Engine\Header\Export_Utility.h
  .\Engine\Header\Export_Utility.inl
  .\Engine\Header\fmod.h
  .\Engine\Header\fmod.hpp
  .\Engine\Header\fmod_codec.h
  .\Engine\Header\fmod_dsp.h
  .\Engine\Header\fmod_errors.h
  .\Engine\Header\fmod_memoryinfo.h
  .\Engine\Header\fmod_output.h
  .\Engine\Header\FontMgr.h
  .\Engine\Header\Frame.h
  .\Engine\Header\FrameMgr.h
  .\Engine\Header\GameObject.h
  .\Engine\Header\GraphicDev.h
  .\Engine\Header\Hitbox.h
  .\Engine\Header\InputDev.h
  .\Engine\Header\InputMgr.h
  .\Engine\Header\Interface.h
  .\Engine\Header\Layer.h
  .\Engine\Header\Light.h
  .\Engine\Header\LightMgr.h
  .\Engine\Header\Management.h
  .\Engine\Header\MyFont.h
  .\Engine\Header\ProtoMgr.h
  .\Engine\Header\RcCol.h
  .\Engine\Header\RcRD.h
  .\Engine\Header\RcTex.h
  .\Engine\Header\Renderer.h
  .\Engine\Header\Scene.h
  .\Engine\Header\SoundMgr.h
  .\Engine\Header\SphereTex.h
  .\Engine\Header\TerrainTex.h
  .\Engine\Header\Texture.h
  .\Engine\Header\Timer.h
  .\Engine\Header\TimerMgr.h
  .\Engine\Header\Transform.h
  .\Engine\Header\TriCol.h
  .\Engine\Header\VIBuffer.h
         52개 파일이 복사되었습니다.
