c:\users\sam51\desktop\sr_team\engine\system\default\release\vc140.pdb
c:\users\sam51\desktop\sr_team\engine\system\default\release\timermgr.obj
c:\users\sam51\desktop\sr_team\engine\system\default\release\timer.obj
c:\users\sam51\desktop\sr_team\engine\system\default\release\myfont.obj
c:\users\sam51\desktop\sr_team\engine\system\default\release\inputmgr.obj
c:\users\sam51\desktop\sr_team\engine\system\default\release\inputdev.obj
c:\users\sam51\desktop\sr_team\engine\system\default\release\graphicdev.obj
c:\users\sam51\desktop\sr_team\engine\system\default\release\framemgr.obj
c:\users\sam51\desktop\sr_team\engine\system\default\release\frame.obj
c:\users\sam51\desktop\sr_team\engine\system\default\release\fontmgr.obj
c:\users\sam51\desktop\sr_team\engine\system\bin\system.dll
c:\users\sam51\desktop\sr_team\engine\system\bin\system.pdb
c:\users\sam51\desktop\sr_team\engine\system\bin\system.lib
c:\users\sam51\desktop\sr_team\engine\system\bin\system.exp
c:\users\sam51\desktop\sr_team\engine\system\default\release\system.tlog\cl.command.1.tlog
c:\users\sam51\desktop\sr_team\engine\system\default\release\system.tlog\cl.read.1.tlog
c:\users\sam51\desktop\sr_team\engine\system\default\release\system.tlog\cl.write.1.tlog
c:\users\sam51\desktop\sr_team\engine\system\default\release\system.tlog\link.command.1.tlog
c:\users\sam51\desktop\sr_team\engine\system\default\release\system.tlog\link.read.1.tlog
c:\users\sam51\desktop\sr_team\engine\system\default\release\system.tlog\link.write.1.tlog
c:\users\sam51\desktop\sr_team\engine\system\default\release\system.tlog\system.write.1u.tlog
